[    0.000000]niializing cgroup sbsys cset
[  .000000 Iitializi cgrp subs cpu
[    000000] Initializing cgroup subsys cpuacct
[   0.00000] Linux version 4.4.0-170-generic (buildd@lcy01-amd64-019) (gcc version 5.4.0 20160609 (Ubuntu 5.4.0-6ubuntu1~16.04.12) ) #199-Ubuntu SMP Thu Nov 14 01:45:04 UTC 2019 (Ubuntu 4.4.0-170.199-generic 4.4.200
[    0.000000] Command line: BOOT_IMAGE=/boot/vmlinuz-4.4.0-170-generic root=LABEL=cloudimg-rootfs ro console=tty1 console=ttyS0
[    0.000000] KERNEL supported cpus:
[   000000]   Intel GenuineIntel
[  0000000]   AMD AuthenticAMD
[    0.000000]   Centaur CentaurHHauls
[    0.000000] x86/fpu: xstate_offset[2]:  576, xstate_sizes[2]:  256
[    0.000000] x86/fpu: Supporting XSAVE feature 0x01: 'x87 floating point registers'
[    0.000000] x86/fpu: Supporting XSAVE feature 0x02: 'SSE registers'
[    0.000000] x86/fpu: Supporting XSAVE feature 0x04: 'AVX registers'
[    0.000000] x86/fpu: Enabled xstate features 0x7, context size is 832 bytes, using 'standard' format.
[    0.000000] e0: BIOS-provided physical RAM map:
[    0.000000] BIOS-e820: [mem 0x0000000000000000-0x000000000009fbff] usable
[    0.000000] BIOS-e820: [mem 0x000000000009fc00-0x000000000009ffff] reserved
[    0.000000] BIOS-e820: [mem 0x00000000000f0000-0x00000000000fffff] reserved
[    0.000000] BIOS-e820: [mem 0x0000000000100000-0x000000003ffeffff] usable
[    0.000000] BIOS-e820: [mem 0x000000003fff0000-0x000000003fffffff] ACPI data
[    0.000000] BIOS-e820: [mem 0x00000000fec00000-0x00000000fec00fff] reserved
[    0.000000] BIOS-e820: [mem 0x00000000fee00000-0x00000000fee00fff] reserved
[    0.000000] BIOS-e820: [mem 0x00000000fffc0000-0x00000000ffffffff] reserved
[    0.000000] NX (Execute Disable) protection: active
[    0.000000] SMBIOS 2.5 prest.
   0.0000]ypervisor detected: KVM
[    0.000000] e820: last_pfn = 0x3fff0 max_arch_pfn = 0x400000000
[    0.000000] MTRR: Disabled
[    0.000000] x86/PAT: MTRRs disabled, skipping PAT initialization too.
[    0.000000] CPU MTRRs all blank - virtualized system.
[    0.000000] x86/PAT: Configuration [0-7]: WB  WT  UC- UC  WB  WT  UC- UC  
[    0.000000] found SMP MP-table at [mem 0x0009fff0-0x0009ffff] mapped at [ffff88000009fff0]
[    0.000000] Scanning 1 areas for low memory corruption
[    0.000000] RAMDISK: [mem 0x362f4000-0x37171fff]
[    0.000000] ACPI: Early table checksum verification disabled
[    0.000000] ACPI: RSDP 0x00000000000E0000 000024 (v02 VBOX  )
[    0.000000] ACPI: XSDT 0x000000003FFF0030 00003C (v01 VBOX   VBOXXSDT 00000001 ASL  00000061)
[    0.000000] ACPI: FACP 0x000000003FFF00F0 0000F4 (v04 VBOX   VBOXFACP 00000001 ASL  00000061)
[    0.000000] ACPI: DSDT 0x000000003FFF0470 0021FF (v02 VBOX   VBOXBIOS 00000002 INTL 20100528)
[    0.000000] ACPI: FACS 0x000000003FFF0200 000040
[    0.000000] ACPI: FACS 0x000000003FFF0200 000040
[    0.000000] ACPI: APIC 0x000000003FFF0240 00005C (v02 VBOX   VBOXAPIC 00000001 ASL  00000061)
[    0.000000] ACPI: SSDT 0x000000003FFF02A0 0001CC (v01 VBOX   VBOXCPUT 00000002 INTL 20100528)
[    0.000000] No NUMA configuration found
[    0.000000] Faking a node at [mem 0x0000000000000000-0x000000003ffeffff]
[    0.000000] NODE_DATA(0) allocated [mem 0x3ffeb000-0x3ffeffff]
[    0.000000] kvm-clock: Using msrs 4b564d01 and 4b564d00
[    0.000000] kvm-clock: cpu 0, msr 0:3ffe3001, primary cpu clock
[    0.000000] kvm-clock: using sched offset of 3757859241 cycles
[    0.000000] clocksource: kvm-clock: mask: 0xffffffffffffffff max_cycles: 0x1cd42e4dffb, max_idle_ns: 881590591483 ns
[    0.000000] Zone ranges:
[    0.000000]   DMA      [mem 0x0000000000001000-0x0000000000ffffff]
[    0.000000]   DMA32    [mem 0x0000000001000000-0x000000003ffeffff]
[    0.000000]   Normal   empty
[    0.000000]   Device   empty
[    0.000000] Movable zone start for each node
[    0.000000] Early memory node ranges
[    0.000000]   node   0: [mem 0x0000000000001000-0x000000000009efff]
[    0.000000]   node   0: [mem 0x0000000000100000-0x000000003ffeffff]
[    0.000000] Initmem setup node 0 [mem 0x0000000000001000-0x000000003ffeffff]
[    0.000000] ACPI: PM-Timer IO Port: 0x4008
[    0.000000] IOAPIC[0]: apic_id 2, version 32, address 0xfec00000, GSI 0-23
[    0.000000] ACPI: INT_SRC_OVR (bus 0 bus_irq 0 global_irq 2 dfl dfl)
[    0.000000] ACPI: INT_SRC_OVR (bus 0 bus_irq 9 global_irq 9 low level)
[    0.000000] Using ACPI (MADT) for SMP configuration information
[    0.000000] smpboot: Allowing 2 CPUs, 0 hotplug CPUs
[    0.000000] PM: Registered nosave memory: [mem 0x00000000-0x00000ff]
[   0.00000]M: Registered nosave memory: [em 0x00900-0x009ffff]
[    000000PM: Rister nosa memor [memx00a0000-000eff]
[    0.000000] PM: Registered nosave memory: [mem 0x000f0000-0x000fffff]
[    0.0000] e820: [mem 0x40000000-0xfebfffff] avalable for CI devices
[  0.000000] Bting paravirtualized rnel on KVM[   0.000] ocsource: rinediffie mask:xffffff maxcyles: 0xffffff, max_idle_ns: 7645519600211568 ns
[  0.000000] setupercp NR_CPU:512r_cpumask_bits:512 nr_cpu_ids:2 nr_node_ids:1
[    0.000000] PERCPU: Embedded 33 pages/cpu @ffff88003fc00000 s95448 r8192 d31528 u1048576
[    0.000000] Built 1 zonelists in Node order, mobility grouping on.  Total pages: 257912
[    0.000000] Policy zone: DMA32
[    0.000000] Kernel command line: BOOT_IMAGE=/boot/vmlinuz-4.4.0-170-generic root=LABEL=cloudimg-rootfs ro console=tty1 console=ttyS0
[    0.000000] PID hash table entries: 4096 (order: 3, 32768 bytes)
[    0.000000] Memory: 997716K/1048120K available (8626K kernel code, 1336K rwdata, 4036K rodata, 1488K init, 1288K bss, 50404K reserved, 0K cma-reserved)
[    0.000000] SLUB: HWalign=64, Order=0-3, MinObjects=0, CPUs=2, Nodes=1
[    0.000000] Kernel/User page tables isolation: enabled
[    0.000000] Hierarchical RCU implementation.
[    0.000000] 	Build-time adjustment of leaf fanout to 64.
[    0.000000] 	RCrestricting CPUs from NR_CPUS=512 to nr_cpu_ids=2.
[    0.000000] RCU: Adjusting geometry for rcu_fanout_leaf=64, nr_cpu_ids=2
[    0.000000] NR_IRQS:33024 nr_irqs:440 16
[    0.000000] Console: colour VGA+ 80x25
[    0.000000] console [tty1] enabled
[    0.000000] console [ttyS0] enabled
[    0.000000] tsc: Detected 2711.998 MHz processor
[    3.110890] Clibrating delay loop (skipped) preset value.. 5423.99 BogoMIPS (lpj=10847992)
[    3.132140] pid_max: default: 32768 minimum: 301
[    3.133183] ACPI: Core revision 20150930
[    3.134978] ACPI: 2 ACPI AML tables successfully acquired and loaded
[    3.136527] Security Framework initialized
[    3.137590] Yama: becoming mindful.
[    3.138624] AppArmor: AppArmor initialized
[    3.139794] Dentry cache hash table entries: 131072 (order: 8, 1048576 bytes)
[    3.149621] Inode-cache hash table entries: 65536 (order: 7, 524288 bytes)
[    3.244090] Mount-cache hash table entries: 2048 (order: 2, 16384 bytes)
[    3.315657] Mountpoint-cache hash table entries: 2048 (order: 2, 16384 bytes)
[    3.337463] Initializing cgroup subsys io
[    3.338709] Initializing cgroup subsys memory
[    3.347576] Initializing cgroup subsys devices
[    3.348622] Initializing cgroup subsys freezer
[    3.349633] Initializing cgroup subsys net_cls
[    3.383205] Initializing cgroup subsys perf_event
[    3.440092] Initializing cgroup subsys net_prio
[    3.529544] Initializing cgroup subsys hugetlb
[    3.558843] Initializing cgroup subsys pids
[    3.574401] mce: CPU supports 0 MCE banks
[    3.581817] Last level iTLB entries: 4KB 64, 2MB 8, 4MB 8
[    3.583055] Last level dTLB entries: 4KB 64, 2MB 0, 4MB 0, 1GB 4
[    3.584313] Spectre V1 : Mitigation: usercopy/swapgs barriers and __user pointer sanitization
[    3.586096] Spectre V2 : Mitigation: Full generic retpoline
[    3.587176] Spectre V2 : Spectre v2 / SpectreRSB mitigation: Filling RSB on context switch
[    3.588801] Speculative Store Bypass: Vulnerable
[    3.589823] MDS: Vulnerable: Clear CPU buffers attempted, no microcode
[    3.593467] Freeing SMP alternatives memory: 36K
[    3.602272] ftrace: allocating 32302 entries in 127 pages
[    3.716230] smpboot: APIC(0) Converting physical 0 to logical package 0
[    3.746813] smpboot: Max logical packages: 1
[    3.748398] x2apic enabled
[    3.802563] Switched APIC routing to physical x2apic.
[    3.849282] ..TIMER: vector=0x30 apic1=0 pin1=2 apic2=-1 pin2=-1
[    4.045059] smpboot: CPU0: Intel(R) Core(TM) i5-7200U CPU @ 2.50GHz (family: 0x6, model: 0x8e, stepping: 0x9)
[    4.116104] Performance Events: unsupported p6 CPU model 142 no PMU driver, software events only.
[    4.164848] KVM setup paravirtual spinlock
[    4.166794] x86: Booting SMP configuration:
[    4.174252] .... node  #0, CPUs:      #1
[    4.175237] kvm-clock: cpu 1, msr 0:3ffe3041, secondary cpu clock
[    4.177673] mce: CPU supports 0 MCE banks
[    4.180340] x86: Booted up 1 node, 2 CPUs
[    4.187162] smpboot: Total of 2 processors activated (10847.99 BogoMIPS)
[    4.188913] devtmpfs: initialized
[    4.210104] evm: security.selinux
[    4.210928] evm: security.SMACK64
[    4.211799] evm: security.SMACK64EXEC
[    4.212662] evm: security.SMACK64TRANSMUTE
[    4.275395] evm: security.SMACK64MMAP
[    4.290524] evm: security.ima
[    4.298258] evm: security.capability
[    4.342073] clocksource: jiffies: mask: 0xffffffff max_cycles: 0xffffffff, max_idle_ns: 7645041785100000 ns
[    4.347161] futex hash table entries: 512 (order: 3, 32768 bytes)
[    4.349595] pinctrl core: initialized pinctrl subsystem
[    4.357256] RTC time: 15:24:19, date: 01/05/20
[    4.358833] NET: Registered protocol family 16
[    4.370013] cpuidle: using governor ladder
[    4.401102] cpuidle: using governor menu
[    4.449564] PCCT header not found.
[    4.518727] ACPI: bus type PCI registered
[    4.540588] acpiphp: ACPI Hot Plug PCI Controller Driver version: 0.5
[    4.611724] PCI: Using configuration type 1 for base access
[    4.626351] ACPI: Added _OSI(Module Device)
[    4.628705] ACPI: Added _OSI(Processor Device)
[    4.631096] ACPI: Added _OSI(3.0 _SCP Extensions)
[    4.665267] ACPI: Added _OSI(Processor Aggregator Device)
[    4.671001] ACPI: Executed 1 blocks of module-level executable AML code
[    4.681191] ACPI: Interpreter enabled
[    4.696731] ACPI: (supports S0 S5)
[    4.699087] ACPI: Using IOAPIC for interrupt routing
[    4.703204] PCI: Using host bridge windows from ACPI; if necessary, use "pci=nocrs" and report a bug
[    4.715135] ACPI: PCI Root Bridge [PCI0] (domain 0000 [bus 00-ff])
[    4.729396] acpi PNP0A03:00: _OSC: OS supports [ASPM ClockPM Segments MSI]
[    4.777259] acpi PNP0A03:00: _OSC: not requesting OS control; OS requires [ExtendedConfig ASPM ClockPM MSI]
[    4.815942] acpi PNP0A03:00: fail to add MMCONFIG information, can't access extended PCI configuration space under this bridge.
[    4.882498] PCI host bridge to bus 0000:00
[    4.940982] pci_bus 0000:00: root bus resource [io  0x0000-0x0cf7 window]
[    5.043594] pci_bus 0000:00: root bus resource [io  0x0d00-0xffff window]
[    5.106106] pci_bus 0000:00: root bus resource [mem 0x000a0000-0x000bffff window]
[    5.177618] pci_bus 0000:00: root bus resource [mem 0x40000000-0xfdffffff window]
[    5.179839] pci_bus 0000:00: root bus resource [bus 00-ff]
[    5.237017] pci 0000:00:01.1: legacy IDE quirk: reg 0x10: [io  0x01f0-0x01f7]
[    5.238552] pci 0000:00:01.1: legacy IDE quirk: reg 0x14: [io  0x03f6]
[    5.246053] pci 0000:00:01.1: legacy IDE quirk: reg 0x18: [io  0x0170-0x0177]
[    5.247461] pci 0000:00:01.1: legacy IDE quirk: reg 0x1c: [io  0x0376]
[    5.284209] pci 0000:00:07.0: quirk: [io  0x4000-0x403f] claimed by PIIX4 ACPI
[    5.292561] pci 0000:00:07.0: quirk: [io  0x4100-0x410f] claimed by PIIX4 SMB
[    5.309571] ACPI: PCI Interrupt Link [LNKA] (IRQs 5 9 10 *11)
[    5.349057] ACPI: PCI Interrupt Link [LNKB] (IRQs 5 9 *10 11)
[    5.350734] ACPI: PCI Interrupt Link [LNKC] (IRQs 5 *9 10 11)
[    5.393021] ACPI: PCI Interrupt Link [LNKD] (IRQs 5 9 10 *11)
[    5.430801] ACPI: Enabled 2 GPEs in block 00 to 07
[    5.482014] vgaarb: setting as boot device: PCI:0000:00:02.0
[    5.499128] vgaarb: device added: PCI:0000:00:02.0,decodes=io+mem,owns=io+mem,locks=none
[    5.590697] vgaarb: loaded
[    5.612635] vgaarb: bridge control possible 0000:00:02.0
[    5.630366] SCSI subsystem initialized
[    5.666912] ACPI: bus type USB registered
[    5.717419] usbcore: registered new interface driver usbfs
[    5.732762] usbcore: registered new interface driver hub
[    5.802200] usbcore: registered new device driver usb
[    5.818527] PCI: Using ACPI for IRQ routing
[    5.835127] NetLabel: Initializing
[    5.843593] NetLabel:  domain hash size = 128
[    5.851265] NetLabel:  protocols = UNLABELED CIPSOv4
[    5.860594] NetLabel:  unlabeled traffic allowed by default
[    5.862174] amd_nb: Cannot enumerate AMD northbridges
[    5.863436] clocksource: Switched to clocksource kvm-clock
[    5.893510] AppArmor: AppArmor Filesystem Enabled
[    5.894938] pnp: PnP ACPI init
[    5.897130] pnp: PnP ACPI: found 3 devices
[  5.912498] ocoue:acpi_pmmask: 0xffffff max_cycles: 0xffffff, max_idle_ns: 2085701024 ns
[    6.306725] NET: Regiered protocol family 2

[    6.365688] TCP established hash table entries: 8192 (order: 4, 65536 bytes)
[    6.367390] TCP binha tae trs:19(oer5,312 te
[  73503] TCP: Hash tablescoigedesblhe 82 nd19
  8.71894] U hh blenie 512 (order: 2, 16384 bytes)
[    8.639057] UDP-Lite hash table entries: 512 (order: 2, 16384 bytes)
[  8400]ETRestedroocol family 1
[  9397] pi 000:0:00: Limiting direct PCPCtransfers

[    9.735490] pci 0000:00:01.0: Activating ISA DMA hang workarounds
[    9.737662] Unpacking initramfs...
[   10.255238] Freeing initrd memory: 14840K
[   10.256596] clocksource: tsc: mask: 0xffffffffffffffff max_cycles: 0x27178451938, max_idle_ns: 440795251172 ns
[   10.291103] platform rtc_cmos: registered platform RTC device (no PNP device found)
[   10.337177] Scanning for low memory corruption every 60 seconds
[   10.361650] audit: initializing netlink subsys (disabled)
[   10.365062] audit: type=2000 audit(1578237865.598:1): initialized
[   10.390525] Initialise system trusted keyring
[   10.428727] HugeTLB registered 2 MB page size, pre-allocated 0 pages
[   10.433575] zbud: loaded
[   10.465390] VFS: Disk quotas dquot_6.6.0
[   10.500668] VFS: Dquot-cache hash table entries: 512 (order 0, 4096 bytes)
[   10.580434] squashfs: version 4.0 (2009/01/31) Phillip Lougher
[   0.1178] fuse init (API version 7.23)

[   10.686185] Key type big_key registered
[   10.687279] Allocating IMA MOK and blacklist keyrings.
[   10.690057] Key type asymmetric registered
[   10.691044] Asymmetric key parser 'x509' registered
[   10.692323] Block layer SCSI generic (bsg) driver version 0.4 loaded (major 249)
[   10.694304] io scheduler noop registered
[   10.695298] io scheduler deadline registered (default)
[   10.696510] io scheduler cfq registered
[   10.697662] pci_hotplug: PCI Hot Plug PCI Core version: 0.5
[   10.698913] pciehp: PCI Express Hot Plug Controller Driver version: 0.4
[   10.700745] ACPI: AC Adapter [AC] (off-line)
[   10.708694] input: Power Button as /devices/LNXSYSTM:00/LNXPWRBN:00/input/input0
[   10.788657] ACPI: Power Button [PWRF]
[   10.817173] input: Sleep Button as /devices/LNXSYSTM:00/LNXSLPBN:00/input/input1
[   10.875204] ACPI: Sleep Button [SLPF]
[   10.912308] GHES: HEST is not enabled!
[   10.9139AC: ttry Slt [BAT0] (battery present)
[   11.318213] Serial: 8250/16550 driver, 32 ports, IRQ sharing enabled
[   11.372131] 00:02: ttyS0 at I/O 0x3f8 (irq = 4, base_baud = 115200) is a 16550A
[   11.400008] Linux agpgart interface v0.103
[   11.427960] loop: module loaded
[   11.470457] scsi host0: ata_piix
[   114866sc host1: ata_piix

[   11.719613] ata1: PATA max UDMA/33 cmd 0x1f0 ctl 0x3f6 bmdma 0xd000 irq 14
[   11.721212] ata2: PATA max UDMA/33 cmd 0x170 ctl 0x376 bmdma 0xd008 irq 15
[   11.722976] libphy: Fixed MDIO Bus: probed
[   11.724107] tun: Universal TUN/TAP device driver, 1.6
[   11.725352] tun: (C) 1999-2004 Max Krasnyansky <maxk@qualcomm.com>
[   11.726897] PPP generic driver version 2.4.2
[   11.728201] ehci_hcd: USB 2.0 'Enhanced' Host Controller (EHCI) Driver
[   11.729672] ehci-pci: EHCI PCI platform driver
[   11.730839] ehci-platform: EHCI generic platform driver
[   11.732223] ohci_hcd: USB 1.1 'Open' Host Controller (OHCI) Driver
[   11.733681] ohci-pci: OHCI PCI platform driver
[   11.734843] ohci-platform: OHCI generic platform driver
[   11.736206] uhci_hcd: USB Universal Host Controller Interface driver
[   11.737894] i8042: PNP: PS/2 Controller [PNP0303:PS2K,PNP0f03:PS2M] at 0x60,0x64 irq 1,12
[   11.740582] serio: i8042 KBD port at 0x60,0x64 irq 1
[   11.742195] serio: i8042 AUX port at 0x60,0x64 irq 12
[   11.750643] mousedev: PS/2 mouse device common for all mice
[   11.752477] input: AT Translated Set 2 keyboard as /devices/platform/i8042/serio0/input/input2
[   11.755189] rtc_cmos rtc_cmos: rtc core: registered rtc_cmos as rtc0
[   11.756845] rtc_cmos rtc_cmos: alarms up to one day, 114 bytes nvram
[   11.758345] i2c /dev entries driver
[   11.759368] device-mapper: uevent: version 1.0.3
[   11.760716] device-mapper: ioctl: 4.34.0-ioctl (2015-10-28) initialised: dm-devel@redhat.com
[   11.762840] ledtrig-cpu: registered to indicate activity on CPUs
[   11.764816] NET: Registered protocol family 10
[   11.766198] NET: Registered protocol family 17
[   11.767316] Key type dns_resolver registered
[   11.769047] registered taskstats version 1
[   11.770045] Loading compiled-in X.509 certificates
[   11.771797] Loaded X.509 cert 'Build time autogenerated kernel key: f0e56e97f406068ace47a9bf54316e9855aaaa43'
[   11.774228] zswap: loaded using pool lzo/zbud
[   11.777678] Key type trusted registered
[   11.783249] Key type encrypted registered
[   11.784444] AppArmor: AppArmor sha1 policy hashing enabled
[   11.785833] ima: No TPM chip found, activating TPM-bypass!
[   11.787094] ima: Allocated hash algorithm: sha1
[   11.788307] evm: HMAC attrs: 0x1
[   11.789432]   Magic number: 4:309:436
[   11.790399] rtc_cmos rtc_cmos: setting system clock to 2020-01-05 15:24:26 UTC (1578237866)
[   11.792425] BIOS EDD facility v0.16 2004-Jun-25, 0 devices found
[   11.800492] EDD information not available.
[   11.882679] Freeing unused kernel memory: 1488K
[   12.286720] Write protecting the kernel read-only data: 14336k
[   12.288824] Freeing unused kernel memory: 1604K
[   13.519693] Freeing unused kernel memory: 60K
Loading, please wait...
[   14.229785] random: systemd-udevd: uninitialized urandom read (16 bytes read, 7 bits of entropy available)
starting version 229
[   14.230693] random: udevadm: uninitialized urandom read (16 bytes read, 7 bits of entropy available)
[   14.230714] random: udevadm: uninitialized urandom read (16 bytes read, 7 bits of entropy available)
[   14.239960] random: udevadm: uninitialized urandom read (16 bytes read, 7 bits of entropy available)
[   14.240033] random: udevadm: uninitialized urandom read (16 bytes read, 7 bits of entropy available)
[   14.240258] random: udevadm: uninitialized urandom read (16 bytes read, 7 bits of entropy available)
[   14.240339] random: udevadm: uninitialized urandom read (16 bytes read, 7 bits of entropy available)
[   14.240422] random: udevadm: uninitialized urandom read (16 bytes read, 7 bits of entropy available)
[   14.240502] random: udevadm: uninitialized urandom read (16 bytes read, 7 bits of entropy available)
[   14.240577] random: udevadm: uninitialized urandom read (16 bytes read, 7 bits of entropy available)
[   14.469049] e1000: Intel(R) PRO/1000 Network Driver - version 7.3.21-k8-NAPI
[   14.470986] e1000: Copyright (c) 1999-2006 Intel Corporation.
[   14.473059] Fusion MPT base driver 3.04.20
[   14.474171] Copyright (c) 1999-2008 LSI Corporation
[   14.489171] Fusion MPT SPI Host driver 3.04.20
[   14.502120] AVX2 version of gcm_enc/dec engaged.
[   14.503432] AES CTR mode by8 optimization enabled
[   14.686188] input: ImExPS/2 Generic Explorer Mouse as /devices/platform/i8042/serio1/input/input4
[   14.912175] e1000 0000:00:03.0 eth0: (PCI:33MHz:32-bit) 02:4f:25:6a:cc:77
[   14.930220] e1000 0000:00:03.0 eth0: Intel(R) PRO/1000 Network Connection
[   15.371933] e1000 0000:00:08.0 eth1: (PCI:33MHz:32-bit) 08:00:27:5c:d2:d2
[   15.383290] e1000 0000:00:08.0 eth1: Intel(R) PRO/1000 Network Connection
[   15.416015] mptbase: ioc0: Initiating bringup
[   15.443428] e1000 0000:00:03.0 enp0s3: renamed from eth0
[   15.951888] e1000 0000:00:08.0 enp0s8: renamed from eth1
[   16.001057] ioc0: LSI53C1030 A0: Capabilities={Initiator}
[   17.216703] scsi host2: ioc0: LSI53C1030 A0, FwRev=00000000h, Ports=1, MaxQ=256, IRQ=20
[   17.371086] scsi 2:0:0:0: Direct-Access     VBOX     HARDDISK         1.0  PQ: 0 ANSI: 5
[   17.521460] scsi target2:0:0: Beginning Domain Validation
[   17.528277] scsi target2:0:0: Domain Validation skipping write tests
[   17.576628] scsi target2:0:0: Ending Domain Validation
[   18.585725] scsi target2:0:0: asynchronous
[   19.516774] scsi 2:0:1:0: Direct-Access     VBOX     HARDDISK         1.0  PQ: 0 ANSI: 5
[   19.588004] scsi target2:0:1: Beginning Domain Validation
[   20.255448] scsi target2:0:1: Domain Validation skipping write tests
[   20.256875] scsi target2:0:1: Ending Domain Validation
[   20.258067] scsi target2:0:1: asynchronous
[   20.268389] sd 2:0:0:0: Attached scsi generic sg0 type 0
[   20.285386] sd 2:0:0:0: [sda] 20971520 512-byte logical blocks: (10.7 GB/10.0 GiB)
[   20.286019] sd 2:0:1:0: Attached scsi generic sg1 type 0
[   20.286235] sd 2:0:1:0: [sdb] 20480 512-byte logical blocks: (10.5 MB/10.0 MiB)
[   20.286371] sd 2:0:1:0: [sdb] Write Protect is off
[   20.286461] sd 2:0:1:0: [sdb] Incomplete mode parameter data
[   20.286463] sd 2:0:1:0: [sdb] Assuming drive cache: write through
[   20.292215] sd 2:0:1:0: [sdb] Attached SCSI disk
[   20.579398] sd 2:0:0:0: [sda] Write Protect is off
[   20.587791] sd 2:0:0:0: [sda] Incomplete mode parameter data
[   20.602175] sd 2:0:0:0: [sda] Assuming drive cache: write through
[   20.609001]  sda: sda1
[   20.610817] sd 2:0:0:0: [sda] Attached SCSI disk
Begin: Loading e[   22.316484] md: linear personality registered for level -1
ssential drivers ... [   22.363500] md: multipath personality registered for level -4
[   22.370366] md: raid0 personality registered for level 0
[   22.398607] md: raid1 personality registered for level 1
[   22.471723] raid6: sse2x1   gen()  6193 MB/s
[   22.539527] raid6: sse2x1   xor()  4356 MB/s
[   22.667952] raid6: sse2x2   gen()  8188 MB/s
[   22.787993] raid6: sse2x2   xor()  5226 MB/s
[   22.899672] raid6: sse2x4   gen()  8500 MB/s
[   22.971519] raid6: sse2x4   xor()  6415 MB/s
[   23.083729] raid6: avx2x1   gen() 11496 MB/s
[   23.179848] raid6: avx2x2   gen() 12975 MB/s
[   23.267532] raid6: avx2x4   gen() 15752 MB/s
[   23.318143] raid6: using algorithm avx2x4 gen() 15752 MB/s
[   23.370896] raid6: using avx2x2 recovery algorithm
[   23.380401] xor: automatically using best checksumming function:
[   23.419978]    avx       : 19308.000 MB/sec
[   23.431446] async_tx: api initialized (async)
[   23.454479] md: raid6 personality registered for level 6
[   23.456052] md: raid5 personality registered for level 5
[   23.457561] md: raid4 personality registered for level 4
[   23.473391] md: raid10 personality registered for level 10
done.
Begin: Running /scripts/init-premount ... done.
Begin: Mounting root file system ... Begin: Running /scripts/local-top ... done.
Begin: Running /scripts/local-premount ... [   23.514569] Btrfs loaded
Scanning for Btrfs filesystems
done.
Warning: fsck no[   23.566625] EXT4-fs (sda1): mounted filesystem with ordered data mode. Opts: (null)
t present, so skipping root file system
done.
Begin: Running /scripts/local-bottom ... done.
Begin: Running /scripts/init-bottom ... done.
[   23.864636] systemd[1]: systemd 229 running in system mode. (+PAM +AUDIT +SELINUX +IMA +APPARMOR +SMACK +SYSVINIT +UTMP +LIBCRYPTSETUP +GCRYPT +GNUTLS +ACL +XZ -LZ4 +SECCOMP +BLKID +ELFUTILS +KMOD -IDN)
[   23.896554] systemd[1]: Detected virtualization oracle.
[   23.905804] systemd[1]: Detected architecture x86-64.

Welcome to [1mUbuntu 16.04.6 LTS[0m!

[   23.8361] systemd[1]: Set hostname to <ubuntu>.

[   24.048286] systemd[1]: Initializing machine ID from random generator.
[   24.056682] systemd[1]: Installed transient /etc/machine-id file.
[   24.3303] systemd[1]: Created slice User and Session Slice.
[[0;32m  OK  [0m] Created slice User and Session Slice.
[   24.64] systemd[1]: Created slice System Slice.
[[0;32m  OK  [0m] Created slice System Slice.
[   24.610540] systemd[1]: Listening on /dev/initctl Compatibility Named Pipe.
[[0;32m  OK  [0m] Listening on /dev/initctl Compatibility Named Pipe.
[   24.613900] systemd[1]: Listening on LVM2 metadata daemon socket.
[[0;32m  OK  [0m] Listening on LVM2 metadata daemon socket.
[   24.616650] systemd[1]: Reached target Slices.
[[0;32m  OK  [0m] Reached target Slices.
[   24.618813] systemd[1]: Listening on LVM2 poll daemon socket.
[[0;32m  OK  [0m] Listening on LVM2 poll daemon socket.
[   24.621490] systemd[1]: Listening on Journal Socket.
[[0;32m  OK  [0m] Listening on Journal Socket.
[   24.636681] systemd[1]: Starting Set console keymap...
         Starting Set console keymap...
[   24.640422] systemd[1]: Starting Remount Root and Kernel File Systems...
[   24.711897] random: nonblocking pool is initialized
         Starting Remount Root and Kernel File Systems...
[   24.733998] systemd[1]: Starting Uncomplicated firewall...
[   24.739978] EXT4-fs (sda1): re-mounted. Opts: (null)
         Starting Uncomplicated firewall...
[   24.750995] systemd[1]: Reached target System Time Synchronized.
[[0;32m  OK  [0m] Reached target System Time Synchronized.
[   24.776021] systemd[1]: Starting Create list of required static device nodes for the current kernel...
         Starting Create list of required st... nodes for the current kernel...
[ 24.858508] systd[1]: Listening onyslog Socket.

[[0;32m  OK  [0m] Listening on Syslog Socket.
[   25.089927] systemd[1]: Started Trigger resolvconf update for networkd DNS.
[[0;32m  OK  [0m] Started Trigger resolvconf update for networkd DNS.
[   25.093261 systemd[1]: Created slice systemeral\x2dgetty.slice.
[[0;32m  OK  [0m] Created slice system-serial\x2dgetty.slice.
[   25.255657] systemd[1]: Starting Nameserver information manager...
         Starting Nameserver information manager...
[   25.260809] systemd[1]: Listening on udev Kernel Socket.
[[0;32m  OK  [0m] Listening on udev Kernel Socket.
[   25.265832] systemd[1]: Started Forward Password Requests to Wall Directory Watch.
[[0;32m  OK  [0m] Started Forward Password Requests to Wall Directory Watch.
[   25.271875] systemd[1]: Mounting Debug File System...
         Mounting Debug File System...
[   25.277986] systemd[1]: Mounting Huge Pages File System...
         Mounting Huge Pages File System...
[   25.295963] systemd[1]: Listening on Devi-mapper event daemon FIFOs.
[[0;32m  OK  [0m] Listening on Device-mapper event daemon FIFOs.
[   25.608493] systemd[1]: Starting Monitoring of LVM2 mirrors, snapshots etc. using dmeventd or progress polling...
         Starting Monitoring of LVM2 mirrors... dmeventd or progress polling...
[   25.707617] systemd[1]: Mounting POSIX Message Queue File System...
         Mounting POSIX Message Queue File System...
[   25.721202] systemd[1]: Listening on udev Control Socket.
[[0;32m  OK  [0m] Listening on udev Control Socket.
[   2.703 ste[1 Reached target Encrypted Volumes.

[[0;32m  OK  [0m] Reached target Encrypted Volumes.
[   26.169534] systemd[1]: Reached target Swap.
[[0;32m  OK  [0m] Reached target Swap.
[   26.186783] systemd[1]: Set up automount Arbitrary Executable File Formats File System Automount Point.
[[0;32m  OK  [0m] Set up automount Arbitrary Executab...ats File System Automount Point.
[   26.296485] systemd[1]: Starting Load Kernel Modules...
         Starting Load Kernel Modules...
[   26.339892] systemd[1]: Listening on Journal Socket (/dev/log).
[   26.339956] Loading iSCSI transport class v2.0-870.
[[0;32m  OK  [0m] Listening on Jou[   26.373558] iscsi: registered transport (tcp)
rnal Socket (/dev/log).
[   26.402210] systemd[1]: Listening on Journal Audit Socket.
[[0;32m  OK  [0m] Listening on Journal Audit Socket.
[   26.455889] systemd[1]: Starting Journal Service...
         Starting Journal Service...
[   26.461422] systemd[1]: Reached target User and Group Name Lookups.
[[0;32m  OK  [0m] Reached targe[   26.501027] iscsi: registered transport (iser)
t User and Group Name Lookups.
[   26.517666] systemd[1]: Mounted Debug File System.
[[0;32m  OK  [0m] Mounted Debug File System.
[   26.523896] systemd[1]: Mounted Huge Pages File System.
[[0;32m  OK  [0m] Mounted Huge Pages File System.
[   26.556661] systemd[1]: Mounted POSIX Message Queue File System.
[[0;32m  OK  [0m] Mounted POSIX Message Queue File System.
[   26.564544] systemd[1]: Started Set console keymap.
[[0;32m  OK  [0m] Started Set console keymap.
[   26.593998] systemd[1]: Startedemntooand Kernel File Systems.

[[0;32m  OK  [0m] Started Remount Root and Kernel File Systems.
[   26.889142] systemd[1]: Started Uncomplicated firewall.
[[0;32m  OK  [0m] Started Uncomplicated firewall.
[   26.892563] systemd[1]: Started Create list of required static device nodes for the current kernel.
[[0;32m  OK  [0m] Started Create list of required sta...ce nodes for the current kernel.
[   26.913174] systemd[1]: Started Load Kernel Modules.
[[0;32m  OK  [0m] Started Load Kernel Modules.
[   26.917769] systemd[1]: Started Journal Service.
[[0;32m  OK  [0m] Started Journal Service.
[[0;32m  OK  [0m] Started Nameserver information manager.
[[0;32m  OK  [0m] Started LVM2 metadata daemon.
         Mounting FUSE Control File System...
         Starting Apply Kernel Variables...
         Starting Create Static Device Nodes in /dev...
         Starting Flush Journal to Persistent Storage...
         Starting udev Coldplug all Devices...
         Starting Load/Save Random Seed...
[[0;32m  OK  [0m] Mounted FUSE Control File System.
[[0;32m  OK  [0m] Started Apply Kernel Variables.
[[0;32m  OK  [0m] Started Create Static Device Nodes in /dev.
[[0;32m  OK  [0m] Started Monitoring of LVM2 mirrors,...ng dmeventd or progress polling.
[[0;32m  OK  [0m] Started Load/Save Random Seed.
[[0;32m  OK  [0m] Started udev Coldplug all Devices.
[[0;32m  OK  [0m] Started Flush Journal to Persistent Storage.
[[0;32m  OK  [0m] Reached target Local File Systems (Pre).
[[0;32m  OK  [0m] Reached target Local File Systems.
         Starting Initial cloud-init job (pre-networking)...
         Starting Commit a transient machine-id on disk...
         Starting Create Volatile Files and Directories...
         Starting Tell Plymouth To Write Out Runtime Data...
         Starting Set console font and keymap...
         Starting LSB: AppArmor initialization...
         Starting udev Kernel Device Manager...
[[0;32m  OK  [0m] Started Commit a transient machine-id on disk.
[[0;32m  OK  [0m] Started Create Volatile Files and Directories.
[[0;32m  OK  [0m] Started Tell Plymouth To Write Out Runtime Data.
[[0;32m  OK  [0m] Started udev Kernel Device Manager.
[[0;32m  OK  [0m] Started Dispatch Password Requests to Console Directory Watch.
         Starting Update UTMP about System Boot/Shutdown...
[[0;32m  OK  [0m] Started Update UTMP about System Boot/Shutdown.
[[0;32m  OK  [0m] Found device /dev/ttyS0.
[[0;32m  OK  [0m] Listening on Load/Save RF Kill Switch Status /dev/rfkill Watch.
[   24.373779] cloud-init[464]: Cloud-init v. 19.2-36-g059d049c-0ubuntu2~16.04.1 running 'init-local' at Sun, 05 Jan 2020 15:24:43 +0000. Up 23.74 seconds.
[[0;32m  OK  [0m] Started LSB: AppArmor initialization.
[[0;32m  OK  [0m] Started Set console font and keymap.
[[0;32m  OK  [0m] Started Initial cloud-init job (pre-networking).
[[0;32m  OK  [0m] Reached target Network (Pre).
[[0;32m  OK  [0m] Created slice system-getty.slice.
         Starting Raise network interfaces...
[[0;32m  OK  [0m] Started Raise network interfaces.
         Starting Initial cloud-init job (metadata service crawler)...
[[0;32m  OK  [0m] Reached target Network.
[   27.077189] cloud-init[944]: Cloud-init v. 19.2-36-g059d049c-0ubuntu2~16.04.1 running 'init' at Sun, 05 Jan 2020 15:24:45 +0000. Up 25.63 seconds.
[   27.142309] [[0;32m  OK  [0m] Started Initial cloud-init job (metadata service crawler).
cloud-init[944]: ci-info: ++++++++++++++++++++++++++++++++++++++Net device info+++++++++++++++++++++++++++++++++++++++
[   27.283135] [[0;32m  OK  [0m] Reached target Cloud-config availability.
[[0;32m  OK  [0m] Reached target System Initialization.
[[0;32m  OK  [0m] Listening on ACPID Listen Socket.
[[0;32m  OK  [0m] Listening on UUID daemon activation socket.
[[0;32m  OK  [0m] Started Daily Cleanup of Temporary Directories.
[[0;32m  OK  [0m] Started Daily apt download activities.
[[0;32m  OK  [0m] Started Message of the Day.
[[0;32m  OK  [0m] Started Daily apt upgrade and clean activities.
[[0;32m  OK  [0m] Reached target Timers.
cloud-init[944]: ci-info: +--------+-------+----------------------------+---------------+--------+-------------------+
[   27.317289] [[0;32m  OK  [0m] Started ACPI Events Check.
[[0;32m  OK  [0m] Reached target Paths.
         Starting Socket activation for snappy daemon.
cloud-init[944]: ci-info: | Device |   Up  |          Address           |      Mask     | Scope  |     Hw-Address    |
[   27.332465]          Starting LXD - unix socket.
[[0;32m  OK  [0m] Listening on D-Bus System Message Bus Socket.
[[0;32m  OK  [0m] Reached target Network is Online.
cloud-init[944]: ci-info: +--------+-------+----------------------------+---------------+--------+-------------------+
[   27.348354]          Starting iSCSI initiator daemon (iscsid)...
cloud-init[944]: ci-info: | enp0s3 |  True |         10.0.2.15          | 255.255.255.0 | global | 02:4f:25:6a:cc:77 |
[   27.359060] cloud-init[944]: ci-info: | enp0s3 |  True | fe80::4f:25ff:fe6a:cc77/64 |       .       |  link  | 02:4f:25:6a:cc:77 |
[   27.364315] cloud-init[944]: ci-info: | enp0s8 | False |             .              |       .       |   .    | 08:00:27:5c:d2:d2 |
[[0;32m  OK  [0m] Listening on Socket activation for snappy daemon.
[[0;32m  OK  [0m] Listening on LXD - unix socket.
[   27.365558] cloud-init[944]: ci-info: |   lo   |  True |         127.0.0.1          |   255.0.0.0   |  host  |         .         |
[   27.380838] cloud-init[944]: ci-info: |   lo   |  True |          ::1/128           |       .       |  host  |         .         |
[   27.385556] cloud-init[944]: ci-info: +--------+-------+----------------------------+---------------+--------+-------------------+
[   27.390286] cloud-init[944]: ci-info: +++++++++++++++++++++++++++Route IPv4 info++++++++++++++++++++++++++++
[   27.399054] cloud-init[944]: ci-info: +-------+-------------+----------+---------------+-----------+-------+
[   27.407643] cloud-init[944]: ci-info: | Route | Destination | Gateway  |    Genmask    | Interface | Flags |
[   27.416742] cloud-init[944]: ci-info: +-------+-------------+----------+---------------+-----------+-------+
[   27.424616] cloud-init[944]: ci-info: |   0   |   0.0.0.0   | 10.0.2.2 |    0.0.0.0    |   enp0s3  |   UG  |[[0;32m  OK  [0m] Started iSCSI initiator daemon (iscsid).

[   27.432974] cloud-init[944]: ci-info: |   1   |   10.0.2.0  | 0.0.0.0  | 255.255.255.0 |   enp0s3  |   U   |
[   27.437018] cloud-init[944]: ci-info: +-------+-------------+----------+---------------+-----------+-------+
[   27.441037] cloud-init[944]: ci-info: +++++++++++++++++++Route IPv6 info+++++++++++++++++++
[   27.444634] cloud-init[944]: ci-info: +-------+-------------+---------+-----------+-------+
[   27.452654] cloud-init[944]: ci-info: | Route | Destination | Gateway | Interface | Flags |
[   27.455797] cloud-init[944]: ci-info: +-------+-------------+---------+-----------+-------+
[   27.459236] cloud-init[944]: ci-info: |   0   |  fe80::/64  |    ::   |   enp0s3  |   U   |
[   27.463054] cloud-init[944]: ci-info: |   3   |   ff00::/8  |    ::   |   enp0s3  |   U   |
[   27.463325] cloud-init[944]: ci-info: +-------+-------------+---------+-----------+-------+
[   27.463768] cloud-init[944]: Generating public/private rsa key pair.
[   27.464649] cloud-init[944]: Your identification has been saved in /etc/ssh/ssh_host_rsa_key.
[   27.464978] cloud-init[944]: Your public key has been saved in /etc/ssh/ssh_host_rsa_key.pub.
[   27.465366] cloud-init[944]: The key fingerprint is:
[   27.465677] cloud-init[944]: SHA256:ni6oq669j8/P9SgoFkLJJjH/tAvvH/5VXZMq1S0X2HA root@ubuntu-xenial
[   27.466017] cloud-init[944]: The key's randomart image is:
[   27.466813] cloud-init[944]: +---[RSA 2048]----+
[   27.467167] cloud-init[944]: |             .+E |
[   27.467544] cloud-init[944]: |o            .o.+|
[   27.467873] cloud-init[944]: |.+.          ..++|
[   27.468631] cloud-init[944]: |.=. .       ...+.|
[   27.468963] cloud-init[944]: |+  o .  S  ....  |
[   27.469424] cloud-init[944]: |. o o  . . ..    |
[   27.469785] cloud-init[944]: | . + +. + .      |
[   27.470151] cloud-init[944]: | .oo=oo+ +       |
[   27.470577] cloud-init[944]: |=+*O=o=++ .      |
[   27.470955] cloud-init[944]: +----[SHA256]-----+
[   27.471337] cloud-init[944]: Generating public/private dsa key pair.
[   27.471735] cloud-init[944]: Your identification has been saved in /etc/ssh/ssh_host_dsa_key.
[   27.472520] cloud-init[944]: Your public key has been saved in /etc/ssh/ssh_host_dsa_key.pub.
[   27.472861] cloud-init[944]: The key fingerprint is:
[   27.473628] cloud-init[944]: SHA256:EG+vxfRFUlGuxQs0Nrm5p5T+3AfqA7zRd8SaNjQUvB8 root@ubuntu-xenial
[   27.473990] cloud-init[944]: The key's randomart image is:
[   27.474401] cloud-init[944]: +---[DSA 1024]----+
[   27.474762] cloud-init[944]: |      .     .B*+.|
[   27.475673] cloud-init[944]: |       o    o+=o |
[   27.476194] cloud-init[944]: |      . o .  o+o+|
[   27.476400] cloud-init[944]: |       o + . +=E+|
[   27.476630] cloud-init[944]: |        S.+...+B.|
[   27.476880] cloud-init[944]: |         o+ .+B.o|
[   27.477421] cloud-init[944]: |        .  +o+o+ |
[   27.477637] cloud-init[944]: |          . oo. o|
[   27.477867] cloud-init[944]: |           ....oo|
[   27.478127] cloud-init[944]: +----[SHA256]-----+
[   27.478358] cloud-init[944]: Generating public/private ecdsa key pair.
[   27.478607] cloud-init[944]: Your identification has been saved in /etc/ssh/ssh_host_ecdsa_key.
[   27.478855] cloud-init[944]: Your public key has been saved in /etc/ssh/ssh_host_ecdsa_key.pub.
[   27.479173] cloud-init[944]: The key fingerprint is:
[   27.479403] cloud-init[944]: SHA256:sndZ09UbBTr9Xz0uhFiv3xwe+D37jBFA2Gp5sM63guY root@ubuntu-xenial
[   27.479651] cloud-init[944]: The key's randomart image is:
[   27.479889] cloud-init[944]: +---[ECDSA 256]---+
[   27.480466] cloud-init[944]: |           o. ...|
[   27.480706] cloud-init[944]: |          o..o  o|
[   27.480969] cloud-init[944]: |           *+ ..o|
[   27.481215] cloud-init[944]: |          B ++ o+|
[   27.481439] cloud-init[944]: |      . S= ooooo+|
[   27.481681] cloud-init[944]: |       o  oo+.o.+|
[   27.481956] cloud-init[944]: |      . ..oo +.+.|
[   27.482177] cloud-init[944]: |       .o.. o *=+|
[   27.482424] cloud-init[944]: |       oE  . ..*B|
[   27.482664] cloud-init[944]: +----[SHA256]-----+
[   27.483166] cloud-init[944]: Generating public/private ed25519 key pair.
[   27.483394] cloud-init[944]: Your identification has been saved in /etc/ssh/ssh_host_ed25519_key.
[   27.483628] cloud-init[944]: Your public key has been saved in /etc/ssh/ssh_host_ed25519_key.pub.
[   27.483890] cloud-init[944]: The key fingerprint is:
[   27.484349] cloud-init[944]: SHA256:32Z5aZWwm27OYJf5Pkrl9z31S9n9PaKvgAjUIMQcr4k root@ubuntu-xenial
[   27.484569] cloud-init[944]: The key's randomart image is:
[   27.484841] cloud-init[944]: +--[ED25519 256]--+
[   27.485107] cloud-init[944]: |++..             |
[   27.485321] cloud-init[944]: | oo o            |
[   27.486156] cloud-init[944]: |   o .       .   |
[   27.486390] cloud-init[944]: |. +           o .|
[   27.486618] cloud-init[944]: |Eo .    S    . o.|
[   27.486893] cloud-init[944]: |    . . .. . .Bo=|
[   27.487131] cloud-init[944]: |     . . ..o=B++*|
[   27.487377] cloud-init[944]: |          oo*=o+B|
[   27.487628] cloud-init[944]: |           o**++X|
[   27.487906] cloud-init[944]: +----[SHA256]-----+
         Starting Login to default iSCSI targets...
[[0;32m  OK  [0m] Reached target Sockets.
[[0;32m  OK  [0m] Reached target Basic System.
[[0;32m  OK  [0m] Started Regular background program processing daemon.
[[0;32m  OK  [0m] Started ACPI event daemon.
[[0;32m  OK  [0m] Started D-Bus System Message Bus.
         Starting /etc/rc.local Compatibility...
         Starting Pollinate to seed the pseudo random number generator...
         Starting Virtualbox guest utils...
         Starting LSB: MD monitoring daemon...
         Starting Accounts Service...
[[0;32m  OK  [0m] Started Deferred execution scheduler.
         Starting LXD - container startup/shutdown...
[[0;32m  OK  [0m] Started FUSE filesystem for LXC.
         Starting LSB: Record successful boot for GRUB...
         Starting Login Service...
         Starting System Logging Service...
         Starting Snappy daemon...
[[0;32m  OK  [0m] Started /etc/rc.local Compatibility.
[[0;32m  OK  [0m] Started System Logging Service.
[[0;32m  OK  [0m] Started Pollinate to seed the pseudo random number generator.
[[0;32m  OK  [0m] Started LXD - container startup/shutdown.
[[0;32m  OK  [0m] Started Login to default iSCSI targets.
[[0;32m  OK  [0m] Started LSB: MD monitoring daemon.
[[0;32m  OK  [0m] Started Virtualbox guest utils.
[[0;32m  OK  [0m] Started LSB: Record successful boot for GRUB.
[[0;32m  OK  [0m] Started Snappy daemon.
[[0;32m  OK  [0m] Started Login Service.
[[0;32m  OK  [0m] Started Unattended Upgrades Shutdown.
         Starting Wait until snapd is fully seeded...
         Starting Authenticate and Authorize Users to Run Privileged Tasks...
[[0;32m  OK  [0m] Reached target Remote File Systems (Pre).
[[0;32m  OK  [0m] Reached target Remote File Systems.
         Starting LSB: automatic crash report generation...
         Starting LSB: daemon to balance interrupts for SMP systems...
         Starting LSB: Set the CPU Frequency Scaling governor to "ondemand"...
         Starting Permit User Sessions...
         Starting OpenBSD Secure Shell server...
[[0;32m  OK  [0m] Started Permit User Sessions.
[[0;32m  OK  [0m] Started Authenticate and Authorize Users to Run Privileged Tasks.
[[0;32m  OK  [0m] Started Accounts Service.
[[0;32m  OK  [0m] Started OpenBSD Secure Shell server.
[[0;32m  OK  [0m] Started LSB: Set the CPU Frequency Scaling governor to "ondemand".
[[0;32m  OK  [0m] Started LSB: automatic crash report generation.
[[0;32m  OK  [0m] Started LSB: daemon to balance interrupts for SMP systems.
         Starting Hold until boot process finishes up...
         Starting Terminate Plymouth Boot Screen...
[[0;32m  OK  [0m] Started Hold until boot process finishes up.
[[0;32m  OK  [0m] Started Terminate Plymouth Boot Screen.
[[0;32m  OK  [0m] Started Getty on tty1.
         Starting Set console scheme...
[[0;32m  OK  [0m] Started Serial Getty on ttyS0.
[[0;32m  OK  [0m] Reached target Login Prompts.
[[0;32m  OK  [0m] Started Set console scheme.
[[0;32m  OK  [0m] Created slice User Slice of vagrant.
         Starting User Manager for UID 1000...
[[0;32m  OK  [0m] Started Session 1 of user vagrant.
[[0;32m  OK  [0m] Started User Manager for UID 1000.
[[0;32m  OK  [0m] Started Wait until snapd is fully seeded.
[[0;32m  OK  [0m] Reached target Multi-User System.
[[0;32m  OK  [0m] Reached target Graphical Interface.
         Starting Update UTMP about System Runlevel Changes...
         Starting Apply the settings specified in cloud-config...
[[0;32m  OK  [0m] Started Update UTMP about System Runlevel Changes.
[   30.592746] cloud-init[1368]: Generating locales (this might take a while)...
[   32.174416] cloud-init[1368]:   en_US.UTF-8... done
[   32.196594] cloud-init[1368]: Generation complete.
[   32.582773] cloud-init[1368]: Cloud-init v. 19.2-36-g059d049c-0ubuntu2~16.04.1 running 'modules:config' at Sun, 05 Jan 2020 15:24:50 +0000. Up 30.37 seconds.
[[0;32m  OK  [0m] Started Apply the settings specified in cloud-config.
         Starting Execute cloud user/final scripts...
ci-info: no authorized ssh keys fingerprints found for user ubuntu.
<14>Jan  5 15:24:53 ec2: 
<14>Jan  5 15:24:53 ec2: #############################################################
<14>Jan  5 15:24:53 ec2: -----BEGIN SSH HOST KEY FINGERPRINTS-----
<14>Jan  5 15:24:53 ec2: 1024 SHA256:EG+vxfRFUlGuxQs0Nrm5p5T+3AfqA7zRd8SaNjQUvB8 root@ubuntu-xenial (DSA)
<14>Jan  5 15:24:53 ec2: 256 SHA256:sndZ09UbBTr9Xz0uhFiv3xwe+D37jBFA2Gp5sM63guY root@ubuntu-xenial (ECDSA)
<14>Jan  5 15:24:53 ec2: 256 SHA256:32Z5aZWwm27OYJf5Pkrl9z31S9n9PaKvgAjUIMQcr4k root@ubuntu-xenial (ED25519)
<14>Jan  5 15:24:53 ec2: 2048 SHA256:ni6oq669j8/P9SgoFkLJJjH/tAvvH/5VXZMq1S0X2HA root@ubuntu-xenial (RSA)
<14>Jan  5 15:24:53 ec2: -----END SSH HOST KEY FINGERPRINTS-----
<14>Jan  5 15:24:53 ec2: #############################################################
-----BEGIN SSH HOST KEY KEYS-----
ecdsa-sha2-nistp256 AAAAE2VjZHNhLXNoYTItbmlzdHAyNTYAAAAIbmlzdHAyNTYAAABBBA+nrp3Nkk+Ktae8NTVWGjC+akjAlr/LmMbrxDItyATLVoDf0t4gA8oPJvbFLeKrCB8KqAaPr6nIJ3cgpFjRqKI= root@ubuntu-xenial
ssh-ed25519 AAAAC3NzaC1lZDI1NTE5AAAAIIM6msGWQfulvkHb1/FNgxFAUa+iCIYjFYU4yh9avLwc root@ubuntu-xenial
ssh-rsa AAAAB3NzaC1yc2EAAAADAQABAAABAQCyijnMjDcwhI8Qu5uDKORODePnpN65aSRibehL//qHcSR/WBHNUPrWGTl8WcsY5eMJ+7PR7n9xO9zkuHqp5ixjjsuf8FAncutyoS0IQlGZV9bMD3R+JyKZpIir5CwDfFBZvQvYjdbHDnQ7ZmptKJy0C09QvzHV9r0Tf0M+0G3YDsGWaHcEm2q403SQE9iDqKL3DyV5aYp45L/n7idmfsf9Z9A7OIvpWpPhpFEfF8BOJJXnM70im3nsvpkcf4oxpiMDgDcpM/uy9FmTfBW1rSV/wezYMzNcC4tklPgXPG773luXKw3zw47bnTbV02CaSXKPyck5XyLLtiAZJ2yraRRt root@ubuntu-xenial
-----END SSH HOST KEY KEYS-----
[   33.203509] cloud-init[1533]: Cloud-init v. 19.2-36-g059d049c-0ubuntu2~16.04.1 running 'modules:final' at Sun, 05 Jan 2020 15:24:52 +0000. Up 32.97 seconds.
[   33.234371] cloud-init[1533]: ci-info: no authorized ssh keys fingerprints found for user ubuntu.
[   33.263930] [[0;32m  OK  [0m] Started Execute cloud user/final scripts.
cloud-init[1533]: Cloud-init v. 19.2-36-g059d049c-0ubuntu2~16.04.1 finished at Sun, 05 Jan 2020 15:24:53 +0000. Datasource DataSourceNoCloud [seed=/dev/sdb][dsmode=net].  Up 33.19 seconds[[0;32m  OK  [0m] Reached targ

Ubuntu 16.04.6 LTS ubuntu-xenial ttyS0

ubuntu-xenial login: 